<?xml version="1.0" encoding="UTF-8"?>
<!-- Generated by org.testng.reporters.JUnitReportReporter -->
<testsuite hostname="LAPTOP-AJK53DAC" failures="0" tests="7" name="com.TutorialsNinja.qa.TestCases.LoginTest" time="58.183" errors="0" timestamp="2024-03-23T23:57:56 IST" skipped="0">
  <testcase classname="com.TutorialsNinja.qa.TestCases.LoginTest" name="verifyLoginWithValidCredentials" time="7.838"/>
  <testcase classname="com.TutorialsNinja.qa.TestCases.LoginTest" name="verifyLoginWithValidCredentials" time="8.330"/>
  <testcase classname="com.TutorialsNinja.qa.TestCases.LoginTest" name="verifyLoginWithValidCredentials" time="8.543"/>
  <testcase classname="com.TutorialsNinja.qa.TestCases.LoginTest" name="verifyLoginWithInValidCredentials" time="6.553"/>
  <testcase classname="com.TutorialsNinja.qa.TestCases.LoginTest" name="verifyLoginWithInValidEmailAndValidPassword" time="7.788"/>
  <testcase classname="com.TutorialsNinja.qa.TestCases.LoginTest" name="verifyLoginWithValidEmailAndInValidPassword" time="7.548"/>
  <testcase classname="com.TutorialsNinja.qa.TestCases.LoginTest" name="verifyLoginWithoutProvidingCredentials" time="11.583"/>
</testsuite> <!-- com.TutorialsNinja.qa.TestCases.LoginTest -->
