<?xml version="1.0" encoding="UTF-8"?>
<!-- Generated by org.testng.reporters.JUnitReportReporter -->
<testsuite hostname="LAPTOP-AJK53DAC" failures="0" tests="4" name="com.TutorialsNinja.qa.TestCases.RegisterTest" time="35.783" errors="0" timestamp="2024-03-23T23:57:56 IST" skipped="0">
  <testcase classname="com.TutorialsNinja.qa.TestCases.RegisterTest" name="verifyRegisteringAnAccountWithMandatoryFields" time="9.702"/>
  <testcase classname="com.TutorialsNinja.qa.TestCases.RegisterTest" name="verifyRegisteringAnAccountWithAllFields" time="8.750"/>
  <testcase classname="com.TutorialsNinja.qa.TestCases.RegisterTest" name="verifyRegisteringAnAccountWithExistingEmailAddress" time="9.263"/>
  <testcase classname="com.TutorialsNinja.qa.TestCases.RegisterTest" name="RegisteringAnAccountWithoutFillingAnyDetails" time="8.068"/>
</testsuite> <!-- com.TutorialsNinja.qa.TestCases.RegisterTest -->
